<?xml version="1.0" encoding="UTF-8"?>
<robot generator="Robot 7.1.1 (Python 3.13.0 on win32)" generated="2025-01-09T19:14:25.020006" rpa="false" schemaversion="5">
<suite id="s1" name="UAT-7-1" source="d:\Year 3-2\SE\LAB\LAB-7\WebDemo-master\login_tests\UAT-7-1.robot">
<test id="s1-t1" name="Open Browser To Form Page" line="8">
<kw name="Open Browser To Form Page" owner="UAT">
<kw name="Evaluate" owner="BuiltIn">
<msg time="2025-01-09T19:14:25.332134" level="INFO">${options} = &lt;selenium.webdriver.chrome.options.Options object at 0x000001DB020823C0&gt;</msg>
<var>${options}</var>
<arg>sys.modules['selenium.webdriver'].ChromeOptions()</arg>
<arg>sys, selenium.webdriver</arg>
<doc>Evaluates the given expression in Python and returns the result.</doc>
<status status="PASS" start="2025-01-09T19:14:25.331745" elapsed="0.002425"/>
</kw>
<kw name="Set Variable" owner="BuiltIn">
<msg time="2025-01-09T19:14:25.334675" level="INFO">${options.binary_location} = D:\Year 3-2\SE\LAB\LAB-7\chrome-win64\chrome.exe</msg>
<var>${options.binary_location}</var>
<arg>${CHROME_PATH}</arg>
<doc>Returns the given values which can then be assigned to a variables.</doc>
<status status="PASS" start="2025-01-09T19:14:25.334405" elapsed="0.000374"/>
</kw>
<kw name="Evaluate" owner="BuiltIn">
<msg time="2025-01-09T19:14:25.335909" level="INFO">${service} = &lt;selenium.webdriver.chrome.service.Service object at 0x000001DB02082120&gt;</msg>
<var>${service}</var>
<arg>sys.modules['selenium.webdriver.chrome.service'].Service(executable_path=r'${CHROMEDRIVER}')</arg>
<arg>sys, selenium.webdriver.chrome.service</arg>
<doc>Evaluates the given expression in Python and returns the result.</doc>
<status status="PASS" start="2025-01-09T19:14:25.334924" elapsed="0.001088"/>
</kw>
<kw name="Create Webdriver" owner="SeleniumLibrary">
<msg time="2025-01-09T19:14:25.336421" level="INFO">Creating an instance of the Chrome WebDriver.</msg>
<msg time="2025-01-09T19:14:25.336659" level="INFO">Cannot capture screenshot because no browser is open.</msg>
<msg time="2025-01-09T19:14:25.336826" level="FAIL">NoSuchDriverException: Message: Unable to obtain driver for chrome; For documentation on this error, please visit: https://www.selenium.dev/documentation/webdriver/troubleshooting/errors/driver_location
</msg>
<arg>Chrome</arg>
<arg>options=${options}</arg>
<arg>service=${service}</arg>
<doc>Creates an instance of Selenium WebDriver.</doc>
<status status="FAIL" start="2025-01-09T19:14:25.336161" elapsed="0.005006">NoSuchDriverException: Message: Unable to obtain driver for chrome; For documentation on this error, please visit: https://www.selenium.dev/documentation/webdriver/troubleshooting/errors/driver_location
</status>
</kw>
<kw name="Go To" owner="SeleniumLibrary">
<arg>${FORM URL}</arg>
<doc>Navigates the current browser window to the provided ``url``.</doc>
<status status="NOT RUN" start="2025-01-09T19:14:25.341459" elapsed="0.000109"/>
</kw>
<kw name="Maximize Browser Window" owner="SeleniumLibrary">
<doc>Maximizes current browser window.</doc>
<status status="NOT RUN" start="2025-01-09T19:14:25.341699" elapsed="0.000063"/>
</kw>
<kw name="Login Page Should Be Open" owner="UAT">
<status status="NOT RUN" start="2025-01-09T19:14:25.341920" elapsed="0.000068"/>
</kw>
<status status="FAIL" start="2025-01-09T19:14:25.331109" elapsed="0.011042">NoSuchDriverException: Message: Unable to obtain driver for chrome; For documentation on this error, please visit: https://www.selenium.dev/documentation/webdriver/troubleshooting/errors/driver_location
</status>
</kw>
<status status="FAIL" start="2025-01-09T19:14:25.330334" elapsed="0.012579">NoSuchDriverException: Message: Unable to obtain driver for chrome; For documentation on this error, please visit: https://www.selenium.dev/documentation/webdriver/troubleshooting/errors/driver_location
</status>
</test>
<status status="FAIL" start="2025-01-09T19:14:25.024526" elapsed="0.320484"/>
</suite>
<statistics>
<total>
<stat pass="0" fail="1" skip="0">All Tests</stat>
</total>
<tag>
</tag>
<suite>
<stat pass="0" fail="1" skip="0" id="s1" name="UAT-7-1">UAT-7-1</stat>
</suite>
</statistics>
<errors>
</errors>
</robot>
